1642441507944	geckodriver	INFO	Listening on 127.0.0.1:61882
1642441510985	mozrunner::runner	INFO	Running command: "C:\\Program Files\\Mozilla Firefox\\firefox.exe" "--marionette" "--remote-debugging-port" "61883" "-no-remote" "-profile" "C:\\Users\\rodri\\AppData\\Local\\Temp\\rust_mozprofile0Hpxyw"
1642441511853	Marionette	INFO	Marionette enabled
console.warn: SearchSettings: "get: No settings file exists, new profile?" (new NotFoundError("Could not open the file at C:\\Users\\rodri\\AppData\\Local\\Temp\\rust_mozprofile0Hpxyw\\search.json.mozlz4", (void 0)))
DevTools listening on ws://localhost:61883/devtools/browser/49a3e980-d662-498d-8559-e29346a7f95a
1642441516182	Marionette	INFO	Listening on port 61888
1642441516329	RemoteAgent	WARN	TLS certificate errors will be ignored for this session
1642441538555	Marionette	INFO	Stopped listening on port 61888
console.warn: TopSitesFeed: Failed to fetch data from Contile server: NetworkError when attempting to fetch resource.
console.error: "Could not write session state file " (new Error("IOUtils: Shutting down and refusing additional I/O tasks", (void 0), 106)) "DOMException@resource://gre/modules/PromiseWorker.jsm:106:18\npostMessage@resource://gre/modules/PromiseWorker.jsm:342:55\nobserve@resource://gre/modules/AsyncShutdown.jsm:575:16\n"
JavaScript error: resource://gre/modules/CrashMonitor.jsm, line 201: AbortError: IOUtils: Shutting down and refusing additional I/O tasks
1642452788744	geckodriver	INFO	Listening on 127.0.0.1:63263
1642452791828	mozrunner::runner	INFO	Running command: "C:\\Program Files\\Mozilla Firefox\\firefox.exe" "--marionette" "--start-maximized" "--remote-debugging-port" "63264" "-no-remote" "-profile" "C:\\Users\\rodri\\AppData\\Local\\Temp\\rust_mozprofilekQREgL"
1642452792379	Marionette	INFO	Marionette enabled
console.warn: SearchSettings: "get: No settings file exists, new profile?" (new NotFoundError("Could not open the file at C:\\Users\\rodri\\AppData\\Local\\Temp\\rust_mozprofilekQREgL\\search.json.mozlz4", (void 0)))
DevTools listening on ws://localhost:63264/devtools/browser/92c58b16-0645-4737-a5ed-19d1123bc797
1642452796044	Marionette	INFO	Listening on port 63269
1642452796166	RemoteAgent	WARN	TLS certificate errors will be ignored for this session
1642452804899	Marionette	INFO	Stopped listening on port 63269
console.warn: TopSitesFeed: Failed to fetch data from Contile server: NetworkError when attempting to fetch resource.
[Parent 17488, IPC I/O Parent] WARNING: file /builds/worker/checkouts/gecko/ipc/chromium/src/base/process_util_win.cc:167
console.error: "Could not write session state file " (new Error("IOUtils: Shutting down and refusing additional I/O tasks", (void 0), 106)) "DOMException@resource://gre/modules/PromiseWorker.jsm:106:18\npostMessage@resource://gre/modules/PromiseWorker.jsm:342:55\nobserve@resource://gre/modules/AsyncShutdown.jsm:575:16\n"
JavaScript error: resource://gre/modules/CrashMonitor.jsm, line 201: AbortError: IOUtils: Shutting down and refusing additional I/O tasks
1642453092655	geckodriver	INFO	Listening on 127.0.0.1:63384
1642453095715	mozrunner::runner	INFO	Running command: "C:\\Program Files\\Mozilla Firefox\\firefox.exe" "--marionette" "--start-maximized" "--remote-debugging-port" "63385" "-no-remote" "-profile" "C:\\Users\\rodri\\AppData\\Local\\Temp\\rust_mozprofileb4bWZt"
1642453096244	Marionette	INFO	Marionette enabled
console.warn: SearchSettings: "get: No settings file exists, new profile?" (new NotFoundError("Could not open the file at C:\\Users\\rodri\\AppData\\Local\\Temp\\rust_mozprofileb4bWZt\\search.json.mozlz4", (void 0)))
DevTools listening on ws://localhost:63385/devtools/browser/a2dcc161-437e-4957-951b-97f9028415dd
1642453099724	Marionette	INFO	Listening on port 63390
1642453099914	RemoteAgent	WARN	TLS certificate errors will be ignored for this session
1642453156363	Marionette	INFO	Stopped listening on port 63390
console.warn: TopSitesFeed: Failed to fetch data from Contile server: NetworkError when attempting to fetch resource.
1642453194360	geckodriver	INFO	Listening on 127.0.0.1:63453
1642453197425	mozrunner::runner	INFO	Running command: "C:\\Program Files\\Mozilla Firefox\\firefox.exe" "--marionette" "--start-maximized" "--remote-debugging-port" "63454" "-no-remote" "-profile" "C:\\Users\\rodri\\AppData\\Local\\Temp\\rust_mozprofileD7KqQs"
1642453197976	Marionette	INFO	Marionette enabled
console.warn: SearchSettings: "get: No settings file exists, new profile?" (new NotFoundError("Could not open the file at C:\\Users\\rodri\\AppData\\Local\\Temp\\rust_mozprofileD7KqQs\\search.json.mozlz4", (void 0)))
DevTools listening on ws://localhost:63454/devtools/browser/448a6b18-4846-4659-b369-8a497d049792
1642453201503	Marionette	INFO	Listening on port 63459
1642453201623	RemoteAgent	WARN	TLS certificate errors will be ignored for this session
1642453226857	Marionette	INFO	Stopped listening on port 63459
console.warn: TopSitesFeed: Failed to fetch data from Contile server: NetworkError when attempting to fetch resource.
1642453364752	geckodriver	INFO	Listening on 127.0.0.1:63528
1642453367797	mozrunner::runner	INFO	Running command: "C:\\Program Files\\Mozilla Firefox\\firefox.exe" "--marionette" "--start-maximized" "--remote-debugging-port" "63529" "-no-remote" "-profile" "C:\\Users\\rodri\\AppData\\Local\\Temp\\rust_mozprofileyXat5l"
1642453368324	Marionette	INFO	Marionette enabled
console.warn: SearchSettings: "get: No settings file exists, new profile?" (new NotFoundError("Could not open the file at C:\\Users\\rodri\\AppData\\Local\\Temp\\rust_mozprofileyXat5l\\search.json.mozlz4", (void 0)))
DevTools listening on ws://localhost:63529/devtools/browser/2b5474a4-a767-44e6-9b4c-930f6b82c7da
1642453371769	Marionette	INFO	Listening on port 63534
1642453371957	RemoteAgent	WARN	TLS certificate errors will be ignored for this session
1642453410926	Marionette	INFO	Stopped listening on port 63534
console.warn: TopSitesFeed: Failed to fetch data from Contile server: NetworkError when attempting to fetch resource.
1642453414649	geckodriver	INFO	Listening on 127.0.0.1:63589
1642453417728	mozrunner::runner	INFO	Running command: "C:\\Program Files\\Mozilla Firefox\\firefox.exe" "--marionette" "--start-maximized" "--remote-debugging-port" "63590" "-no-remote" "-profile" "C:\\Users\\rodri\\AppData\\Local\\Temp\\rust_mozprofile03NgTi"
1642453418304	Marionette	INFO	Marionette enabled
console.warn: SearchSettings: "get: No settings file exists, new profile?" (new NotFoundError("Could not open the file at C:\\Users\\rodri\\AppData\\Local\\Temp\\rust_mozprofile03NgTi\\search.json.mozlz4", (void 0)))
DevTools listening on ws://localhost:63590/devtools/browser/4b53a9db-1777-4d3b-b9c3-831855425560
1642453422297	Marionette	INFO	Listening on port 63597
1642453422560	RemoteAgent	WARN	TLS certificate errors will be ignored for this session
1642453507337	Marionette	INFO	Stopped listening on port 63597
console.warn: TopSitesFeed: Failed to fetch data from Contile server: NetworkError when attempting to fetch resource.
start-maximized" "--remote-debugging-port" "63664" "-no-remote" "-profile" "C:\\Users\\rodri\\AppData\\Local\\Temp\\rust_mozprofilefjHQXS"
1642453442005	Marionette	INFO	Marionette enabled
console.warn: SearchSettings: "get: No settings file exists, new profile?" (new NotFoundError("Could not open the file at C:\\Users\\rodri\\AppData\\Local\\Temp\\rust_mozprofilefjHQXS\\search.json.mozlz4", (void 0)))
DevTools listening on ws://localhost:63664/devtools/browser/c0e93a0d-5969-4cf1-9ad5-f1d378640fdf
1642453445799	Marionette	INFO	Listening on port 63669
1642453446306	RemoteAgent	WARN	TLS certificate errors will be ignored for this session
1642453509386	Marionette	INFO	Stopped listening on port 63669
console.warn: TopSitesFeed: Failed to fetch data from Contile server: NetworkError when attempting to fetch resource.
1642455477915	geckodriver	INFO	Listening on 127.0.0.1:60754
1642455480978	mozrunner::runner	INFO	Running command: "C:\\Program Files\\Mozilla Firefox\\firefox.exe" "--marionette" "--remote-debugging-port" "60755" "-no-remote" "-profile" "C:\\Users\\rodri\\AppData\\Local\\Temp\\rust_mozprofileLNxOjk"
1642455481561	Marionette	INFO	Marionette enabled
console.warn: SearchSettings: "get: No settings file exists, new profile?" (new NotFoundError("Could not open the file at C:\\Users\\rodri\\AppData\\Local\\Temp\\rust_mozprofileLNxOjk\\search.json.mozlz4", (void 0)))
DevTools listening on ws://localhost:60755/devtools/browser/db44b562-a902-4f70-bf7f-e94d072fdd44
1642455485815	Marionette	INFO	Listening on port 60760
1642455486300	RemoteAgent	WARN	TLS certificate errors will be ignored for this session
1642455621297	Marionette	INFO	Stopped listening on port 60760
console.warn: TopSitesFeed: Failed to fetch data from Contile server: NetworkError when attempting to fetch resource.
1642455624840	geckodriver	INFO	Listening on 127.0.0.1:60838
1642455627905	mozrunner::runner	INFO	Running command: "C:\\Program Files\\Mozilla Firefox\\firefox.exe" "--marionette" "--remote-debugging-port" "60839" "-no-remote" "-profile" "C:\\Users\\rodri\\AppData\\Local\\Temp\\rust_mozprofileyDJ6tU"
1642455628464	Marionette	INFO	Marionette enabled
console.warn: SearchSettings: "get: No settings file exists, new profile?" (new NotFoundError("Could not open the file at C:\\Users\\rodri\\AppData\\Local\\Temp\\rust_mozprofileyDJ6tU\\search.json.mozlz4", (void 0)))
DevTools listening on ws://localhost:60839/devtools/browser/c6fc8659-04ea-4fcb-8e94-7e423fb93e34
1642455632332	Marionette	INFO	Listening on port 60844
1642455632711	RemoteAgent	WARN	TLS certificate errors will be ignored for this session
1642457049633	Marionette	INFO	Stopped listening on port 60844
console.warn: TopSitesFeed: Failed to fetch data from Contile server: NetworkError when attempting to fetch resource.
remote-debugging-port" "62734" "-no-remote" "-profile" "C:\\Users\\rodri\\AppData\\Local\\Temp\\rust_mozprofilechdp6j"
1642456619721	Marionette	INFO	Marionette enabled
console.warn: SearchSettings: "get: No settings file exists, new profile?" (new NotFoundError("Could not open the file at C:\\Users\\rodri\\AppData\\Local\\Temp\\rust_mozprofilechdp6j\\search.json.mozlz4", (void 0)))
DevTools listening on ws://localhost:62734/devtools/browser/7c5385cc-8b46-46ec-aca7-c3d53a36b861
1642456623560	Marionette	INFO	Listening on port 62739
1642456624008	RemoteAgent	WARN	TLS certificate errors will be ignored for this session
1642457050242	Marionette	INFO	Stopped listening on port 62739
console.warn: TopSitesFeed: Failed to fetch data from Contile server: NetworkError when attempting to fetch resource.
1642457103378	geckodriver	INFO	Listening on 127.0.0.1:54643
1642457106441	mozrunner::runner	INFO	Running command: "C:\\Program Files\\Mozilla Firefox\\firefox.exe" "--marionette" "--remote-debugging-port" "54644" "-no-remote" "-profile" "C:\\Users\\rodri\\AppData\\Local\\Temp\\rust_mozprofiletZbYI8"
1642457106975	Marionette	INFO	Marionette enabled
console.warn: SearchSettings: "get: No settings file exists, new profile?" (new NotFoundError("Could not open the file at C:\\Users\\rodri\\AppData\\Local\\Temp\\rust_mozprofiletZbYI8\\search.json.mozlz4", (void 0)))
DevTools listening on ws://localhost:54644/devtools/browser/120f2ff8-6c19-485a-a5f1-2f6c6db533ef
1642457110558	Marionette	INFO	Listening on port 54649
1642457110655	RemoteAgent	WARN	TLS certificate errors will be ignored for this session
1642457182753	Marionette	INFO	Stopped listening on port 54649
console.warn: TopSitesFeed: Failed to fetch data from Contile server: NetworkError when attempting to fetch resource.
1642457185584	geckodriver	INFO	Listening on 127.0.0.1:54711
1642457188618	mozrunner::runner	INFO	Running command: "C:\\Program Files\\Mozilla Firefox\\firefox.exe" "--marionette" "--remote-debugging-port" "54712" "-no-remote" "-profile" "C:\\Users\\rodri\\AppData\\Local\\Temp\\rust_mozprofileTFGUZ4"
1642457189147	Marionette	INFO	Marionette enabled
console.warn: SearchSettings: "get: No settings file exists, new profile?" (new NotFoundError("Could not open the file at C:\\Users\\rodri\\AppData\\Local\\Temp\\rust_mozprofileTFGUZ4\\search.json.mozlz4", (void 0)))
DevTools listening on ws://localhost:54712/devtools/browser/864bf707-88ac-46fe-8a5f-9a8932a888be
1642457192713	Marionette	INFO	Listening on port 54718
1642457192805	RemoteAgent	WARN	TLS certificate errors will be ignored for this session
1642457233437	Marionette	INFO	Stopped listening on port 54718
console.warn: TopSitesFeed: Failed to fetch data from Contile server: NetworkError when attempting to fetch resource.
console.error: "Could not write session state file " (new Error("IOUtils: Shutting down and refusing additional I/O tasks", (void 0), 106)) "DOMException@resource://gre/modules/PromiseWorker.jsm:106:18\npostMessage@resource://gre/modules/PromiseWorker.jsm:342:55\nobserve@resource://gre/modules/AsyncShutdown.jsm:575:16\n"
JavaScript error: resource://gre/modules/CrashMonitor.jsm, line 201: AbortError: IOUtils: Shutting down and refusing additional I/O tasks
1642457410979	geckodriver	INFO	Listening on 127.0.0.1:54799
1642457414025	mozrunner::runner	INFO	Running command: "C:\\Program Files\\Mozilla Firefox\\firefox.exe" "--marionette" "--remote-debugging-port" "54800" "-no-remote" "-profile" "C:\\Users\\rodri\\AppData\\Local\\Temp\\rust_mozprofilePcNkGC"
1642457414631	Marionette	INFO	Marionette enabled
console.warn: SearchSettings: "get: No settings file exists, new profile?" (new NotFoundError("Could not open the file at C:\\Users\\rodri\\AppData\\Local\\Temp\\rust_mozprofilePcNkGC\\search.json.mozlz4", (void 0)))
DevTools listening on ws://localhost:54800/devtools/browser/f12e82e9-6343-4228-9a95-da475f2c3d57
1642457418321	Marionette	INFO	Listening on port 54805
1642457418381	RemoteAgent	WARN	TLS certificate errors will be ignored for this session
1642457449553	Marionette	INFO	Stopped listening on port 54805
console.warn: TopSitesFeed: Failed to fetch data from Contile server: NetworkError when attempting to fetch resource.
console.error: "Could not write session state file " (new Error("IOUtils: Shutting down and refusing additional I/O tasks", (void 0), 106)) "DOMException@resource://gre/console.warn: SearchSettings: "get: No settings file exists, new profile?" (new NotFoundError("Could not open the file at C:\\Users\\rodri\\AppData\\Local\\Temp\\rust_mozprofileF511ZU\\search.json.mozlz4", (void 0)))
DevTools listening on ws://localhost:54857/devtools/browser/d7803e37-72bf-401e-af06-0a4c37ff4977
1642457451930	Marionette	INFO	Listening on port 54862
1642457452012	RemoteAgent	WARN	TLS certificate errors will be ignored for this session
1642457560928	Marionette	INFO	Stopped listening on port 54862
console.warn: TopSitesFeed: Failed to fetch data from Contile server: NetworkError when attempting to fetch resource.
remote-debugging-port" "54923" "-no-remote" "-profile" "C:\\Users\\rodri\\AppData\\Local\\Temp\\rust_mozprofilefQksE8"
1642457516047	Marionette	INFO	Marionette enabled
console.warn: SearchSettings: "get: No settings file exists, new profile?" (new NotFoundError("Could not open the file at C:\\Users\\rodri\\AppData\\Local\\Temp\\rust_mozprofilefQksE8\\search.json.mozlz4", (void 0)))
DevTools listening on ws://localhost:54923/devtools/browser/4d4ee15e-a46e-46ef-b226-2c3d05b59f87
1642457520047	Marionette	INFO	Listening on port 54928
1642457520264	RemoteAgent	WARN	TLS certificate errors will be ignored for this session
1642457562633	Marionette	INFO	Stopped listening on port 54928
console.warn: TopSitesFeed: Failed to fetch data from Contile server: NetworkError when attempting to fetch resource.
remote-debugging-port" "54981" "-no-remote" "-profile" "C:\\Users\\rodri\\AppData\\Local\\Temp\\rust_mozprofiley1vCLw"
1642457562398	Marionette	INFO	Marionette enabled
console.warn: SearchSettings: "get: No settings file exists, new profile?" (new NotFoundError("Could not open the file at C:\\Users\\rodri\\AppData\\Local\\Temp\\rust_mozprofiley1vCLw\\search.json.mozlz4", (void 0)))
DevTools listening on ws://localhost:54981/devtools/browser/7746a515-d968-49e6-93cf-5c481fe020e8
1642457567401	Marionette	INFO	Listening on port 54987
1642457567658	RemoteAgent	WARN	TLS certificate errors will be ignored for this session
1642457695516	geckodriver	INFO	Listening on 127.0.0.1:59013
1642457698556	mozrunner::runner	INFO	Running command: "C:\\Program Files\\Mozilla Firefox\\firefox.exe" "--marionette" "--remote-debugging-port" "59014" "-no-remote" "-profile" "C:\\Users\\rodri\\AppData\\Local\\Temp\\rust_mozprofileXqgllh"
1642457699133	Marionette	INFO	Marionette enabled
console.warn: SearchSettings: "get: No settings file exists, new profile?" (new NotFoundError("Could not open the file at C:\\Users\\rodri\\AppData\\Local\\Temp\\rust_mozprofileXqgllh\\search.json.mozlz4", (void 0)))
DevTools listening on ws://localhost:59014/devtools/browser/ff93ef58-5f89-4f01-b89c-e5ad3b8c68b2
1642457703295	Marionette	INFO	Listening on port 59020
1642457703374	RemoteAgent	WARN	TLS certificate errors will be ignored for this session
1642457864700	Marionette	INFO	Stopped listening on port 59020
console.warn: TopSitesFeed: Failed to fetch data from Contile server: NetworkError when attempting to fetch resource.

###!!! [Parent][RunMessage] Error: Channel closing: too late to send/recv, messages will be lost

ozprofiledhBjXu"
1642457745224	Marionette	INFO	Marionette enabled
console.warn: SearchSettings: "get: No settings file exists, new profile?" (new NotFoundError("Could not open the file at C:\\Users\\rodri\\AppData\\Local\\Temp\\rust_mozprofiledhBjXu\\search.json.mozlz4", (void 0)))
DevTools listening on ws://localhost:59077/devtools/browser/42230893-f340-426e-82ef-82af95e45be7
1642457749091	Marionette	INFO	Listening on port 59083
1642457749524	RemoteAgent	WARN	TLS certificate errors will be ignored for this session
1642457865516	Marionette	INFO	Stopped listening on port 59083
console.warn: TopSitesFeed: Failed to fetch data from Contile server: NetworkError when attempting to fetch resource.
1642457923251	geckodriver	INFO	Listening on 127.0.0.1:59157
1642457926324	mozrunner::runner	INFO	Running command: "C:\\Program Files\\Mozilla Firefox\\firefox.exe" "--marionette" "--remote-debugging-port" "59158" "-no-remote" "-profile" "C:\\Users\\rodri\\AppData\\Local\\Temp\\rust_mozprofileQTkJjV"
1642457926876	Marionette	INFO	Marionette enabled
console.warn: SearchSettings: "get: No settings file exists, new profile?" (new NotFoundError("Could not open the file at C:\\Users\\rodri\\AppData\\Local\\Temp\\rust_mozprofileQTkJjV\\search.json.mozlz4", (void 0)))
DevTools listening on ws://localhost:59158/devtools/browser/95beb544-c05e-4394-afde-402d5586b2e7
1642457930722	Marionette	INFO	Listening on port 59164
1642457931120	RemoteAgent	WARN	TLS certificate errors will be ignored for this session
1642458071688	geckodriver	INFO	Listening on 127.0.0.1:59227
1642458074750	mozrunner::runner	INFO	Running command: "C:\\Program Files\\Mozilla Firefox\\firefox.exe" "--marionette" "--remote-debugging-port" "59228" "-no-remote" "-profile" "C:\\Users\\rodri\\AppData\\Local\\Temp\\rust_mozprofileW1w3m5"
1642458075288	Marionette	INFO	Marionette enabled
console.warn: SearchSettings: "get: No settings file exists, new profile?" (new NotFoundError("Could not open the file at C:\\Users\\rodri\\AppData\\Local\\Temp\\rust_mozprofileW1w3m5\\search.json.mozlz4", (void 0)))
DevTools listening on ws://localhost:59228/devtools/browser/12269fcf-09ca-478b-9552-afbb9ca8a058
1642458079035	Marionette	INFO	Listening on port 59235
1642458079557	RemoteAgent	WARN	TLS certificate errors will be ignored for this session
1642458124431	Marionette	INFO	Stopped listening on port 59235
console.warn: TopSitesFeed: Failed to fetch data from Contile server: NetworkError when attempting to fetch resource.
console.error: "Could not write session state file " (new Error("IOUtils: Shutting down and refusing additional I/O tasks", (void 0), 106)) "DOMException@resource://gre/modules/PromiseWorker.jsm:106:18\npostMessage@resource://gre/modules/PromiseWorker.jsm:342:55\nobserve@resource://gre/modules/AsyncShutdown.jsm:575:16\n"
JavaScript error: resource://gre/modules/CrashMonitor.jsm, line 201: AbortError: IOUtils: Shutting down and refusing additional I/O tasks
11-88d9-14f24f1e429d
1642458122971	Marionette	INFO	Listening on port 59291
1642458123358	RemoteAgent	WARN	TLS certificate errors will be ignored for this session
1642458240993	Marionette	INFO	Stopped listening on port 59291
console.warn: TopSitesFeed: Failed to fetch data from Contile server: NetworkError when attempting to fetch resource.
console.error: "Could not write session state file " (new Error("IOUtils: Shutting down and refusing additional I/O tasks", (void 0), 106)) "DOMException@resource://gre/modules/PromiseWorker.jsm:106:18\npostMessage@resource://gre/modules/PromiseWorker.jsm:342:55\nobserve@resource://gre/modules/AsyncShutdown.jsm:575:16\n"
JavaScript error: resource://gre/modules/CrashMonitor.jsm, line 201: AbortError: IOUtils: Shutting down and refusing additional I/O tasks
1642458243719	geckodriver	INFO	Listening on 127.0.0.1:54636
1642458246788	mozrunner::runner	INFO	Running command: "C:\\Program Files\\Mozilla Firefox\\firefox.exe" "--marionette" "--remote-debugging-port" "54637" "-no-remote" "-profile" "C:\\Users\\rodri\\AppData\\Local\\Temp\\rust_mozprofileutSS9v"
1642458247317	Marionette	INFO	Marionette enabled
console.warn: SearchSettings: "get: No settings file exists, new profile?" (new NotFoundError("Could not open the file at C:\\Users\\rodri\\AppData\\Local\\Temp\\rust_mozprofileutSS9v\\search.json.mozlz4", (void 0)))
DevTools listening on ws://localhost:54637/devtools/browser/ae159a65-2332-4606-b9e6-69949a113462
1642458251068	Marionette	INFO	Listening on port 54644
1642458251577	RemoteAgent	WARN	TLS certificate errors will be ignored for this session
1642458328864	Marionette	WARN	TimedPromise timed out after 500 ms: stacktrace:
TimedPromise/<@chrome://remote/content/marionette/sync.js:239:19
TimedPromise@chrome://remote/content/marionette/sync.js:224:10
interaction.flushEventLoop@chrome://remote/content/marionette/interaction.js:431:10
webdriverClickElement@chrome://remote/content/marionette/interaction.js:179:31
1642458340075	Marionette	WARN	TimedPromise timed out after 500 ms: stacktrace:
TimedPromise/<@chrome://remote/content/marionette/sync.js:239:19
TimedPromise@chrome://remote/content/marionette/sync.js:224:10
interaction.flushEventLoop@chrome://remote/content/marionette/interaction.js:431:10
webdriverClickElement@chrome://remote/content/marionette/interaction.js:179:31
1642458388137	Marionette	WARN	TimedPromise timed out after 500 ms: stacktrace:
TimedPromise/<@chrome://remote/content/marionette/sync.js:239:19
TimedPromise@chrome://remote/content/marionette/sync.js:224:10
interaction.flushEventLoop@chrome://remote/content/marionette/interaction.js:431:10
webdriverClickElement@chrome://remote/content/marionette/interaction.js:179:31
1642458485627	Marionette	INFO	Stopped listening on port 54644
console.warn: TopSitesFeed: Failed to fetch data from Contile server: NetworkError when attempting to fetch resource.
JavaScript error: chrome://remote/content/marionette/cert.js, line 55: NS_ERROR_NOT_AVAILABLE: Component returned failure code: 0x80040111 (NS_ERROR_NOT_AVAILABLE) [nsICertOverrideService.setDisableAllSecurityChecksAndLetAttackersInterceptMyData]
1642458500257	geckodriver	INFO	Listening on 127.0.0.1:54713
1642458503301	mozrunner::runner	INFO	Running command: "C:\\Program Files\\Mozilla Firefox\\firefox.exe" "--marionette" "--remote-debugging-port" "54714" "-no-remote" "-profile" "C:\\Users\\rodri\\AppData\\Local\\Temp\\rust_mozprofilelTxsDT"
1642458503889	Marionette	INFO	Marionette enabled
console.warn: SearchSettings: "get: No settings file exists, new profile?" (new NotFoundError("Could not open the file at C:\\Users\\rodri\\AppData\\Local\\Temp\\rust_mozprofilelTxsDT\\search.json.mozlz4", (void 0)))
DevTools listening on ws://localhost:54714/devtools/browser/13fef106-3a33-4845-84d4-28309f49694d
1642458507708	Marionette	INFO	Listening on port 54719
1642458508159	RemoteAgent	WARN	TLS certificate errors will be ignored for this session
1642458582282	geckodriver	INFO	Listening on 127.0.0.1:54777
1642458585363	mozrunner::runner	INFO	Running command: "C:\\Program Files\\Mozilla Firefox\\firefox.exe" "--marionette" "--remote-debugging-port" "54778" "-no-remote" "-profile" "C:\\Users\\rodri\\AppData\\Local\\Temp\\rust_mozprofileID9W6c"
1642458585900	Marionette	INFO	Marionette enabled
console.warn: SearchSettings: "get: No settings file exists, new profile?" (new NotFoundError("Could not open the file at C:\\Users\\rodri\\AppData\\Local\\Temp\\rust_mozprofileID9W6c\\search.json.mozlz4", (void 0)))
DevTools listening on ws://localhost:54778/devtools/browser/71347167-17ee-4269-b86e-15da4b27becc
1642458589804	Marionette	INFO	Listening on port 54783
1642458590185	RemoteAgent	WARN	TLS certificate errors will be ignored for this session
1642458665334	Marionette	INFO	Stopped listening on port 54783
console.warn: TopSitesFeed: Failed to fetch data from Contile server: NetworkError when attempting to fetch resource.
JavaScript error: chrome://remote/content/marionette/cert.js, line 55: NS_ERROR_NOT_AVAILABLE: Component returned failure code: 0x80040111 (NS_ERROR_NOT_AVAILABLE) [nsICertOverrideService.setDisableAllSecurityChecksAndLetAttackersInterceptMyData]
console.error: "Could not write session state file " (new Error("IOUtils: Shutting down and refusing additional I/O tasks", (void 0), 106)) "DOMException@resource://gre/modules/PromiseWorker.jsm:106:18\npostMessage@resource://gre/modules/PromiseWorker.jsm:342:55\nobserve@resource://gre/modules/AsyncShutdown.jsm:575:16\n"
JavaScript error: resource://gre/modules/CrashMonitor.jsm, line 201: AbortError: IOUtils: Shutting down and refusing additional I/O tasks
